36
3
4
2
1
2
1
4
1
4
2
1
9
2
1
1
3
7
2
1
2
2
1
3
21
3
21
1
1
3
33
5
1
1
4
8
1
2
1
2
3
1
2
7
4
1
3
3
1
1
1
2
3
1
3
15
1
6
1
7
6
2
6
3
2
5
2
1
1
7
1
2
1
1
1
9
2
3
8
1
1
2
1
20
2
2
2
2
2
4
1
3
2
3
2
3
1
1
3
3
2
3
36
1
6
2
2
22
1
3
2
4
2
2
3
4
6
3
1
4
3
2
4
240
2
5
1
6
2
2
1
4
1
1
3
2
1
1
8
1
2
1
2
6
1
1
2
1
2
1
1
4
3
3
1
1
1
3
6
14
2
4
2
3
5
5
10
4
2
1
1
2
1
3
2
2
1
8
1
4
34
1
5
3
1
2
17
2
1
3
2
1
12
2
1
1
2
1
1
1
3
1
6
2
6
12
1
4
1
7
4
1
2
4
4
5
5
3
6
2
2
1
8
5
12
3
1
2
1
12
31
3
11
4
1
2
1
11
2
4
1
2
7
10
1
9
3
4
4
1
13
3
1
63
1
1
3
18
5
2
5
2
1
9
9
1
5
1
2
3
66
1
4
3
2
25
4
12
14
3
1
1
2
8
3
1
3
9
6
2
1
3
1
3
19
2
14
1
13
4
1
2
1
1
1
4
1
1
2
1
1
3
1
11
1
3
3
1
1
2
12
3
10
2
2
1
1
9
4
4
3
9
1
3
4
1
1
2
2
2
4
1
1
1
2
2
3
6
1
3
1
5
2
7
1
1
1
1
3
1
2
3
3
2
5
6
2
1
11
3
3
5
12
18
1
4
21
29
1
2
1
12
1
1
8
93
3
2
1
1
56
2
2
2
2
1
4
2
1
2
2
1
8
2
1
3
4
42
1
1
3
4
22
4
2
10
2
1
4
1
4
4
2
4
1
1
3
3
464
2
4
10
1
3
1
6
1
1
1
3
3
2
1
3
1
1
3
4
6
2
28
3
3
16
6
2
2
1
7
1
4
2
3
2
2
2
2
3
1
1
1
1
2
14
3
2
3
4
2
1
13
1
1
154
1
1
1
1
3
6
2
1
3
2
5
3
2
4
12
2
1
1
6
7
4
3
2
7
3
1
18
1
1
2
4
1
3
7
6
1
17
20
1
2
2
1
1
2
1
2
1
3
1
1
2
1
2
2
3
1
13
1
1
2
3
2
2
2
1
1
13
1
2
2
2
3
1
1
1
2
2
2
10
1
3
1
2
3
2
1
8
5
5
1
1
118
1
1
3
2
4
10
3
1
1
4
2
1
2
11
2
1
7
2
4
4
2
4
1
1
1
39
1
18
10
1
2
1
1
3
1
4
1
1
2
2
2
2
1
1
3
5
2
1
1
1
1
2
1
3
1
15
1
3
3
6
7
4
1
3
2
2
3
28
2
7
6
1
5
1
11
2
3
1
3
1
1
1
1
288
1
1
5
7
1
1
1
1
1
3
3
4
1
1
2
1
1
1
2
2
1
3
2
2
3
1
21
2
2
2
3
1
2
3
1
3
4
2
1
51
1
5
4
2
1
2
1
2
1
1
4
3
10
1
2
2
5
1
1
1
1
18
3
2
9
17
1
6
4
12
3
19
2
3
1
5
10
1
10
2
5
1
4
1
1
5
1
1
1
2
3
1
1
1
2
7
208
1
2
3
1
4
2
2
3
1
3
3
1
1
3
1
3
35
1
6
16
4
7
4
5
3
5
3
2
2
4
1
2
3
2
5
3
1
1
1
1
3
2
2
1
1
2
4
3
1
1
1
2
5
3
3
99
1
1
1
3
3
4
1
1
2
2
111
4
1
2
2
1
1
5
1
1
6
2
1
1
1
1
2
2
4
1
2
5
1
8
2
1
7
1
1
1
11
1
2
6
2
1
1
2
1
2
2
6
4
17
3
7
1
4
1
7
4
4
5
1
10
5
1
3
3
17
6
2
7
18
1
1
1
8
10
3
2
2
3
7
19
2
1
3
2
1
1
1
1
1
21
2
1
5
7
5
16
1
3
3
2
15
5
5
5
17
2
2
1
3
4
1
2
9
6
3
138
3
1
1
2
2
4
2
2
4
1
3
2
1
1
1
7
1
1
2
20
2
19
3
17
1
1
14
3
2
1
4
4
2
4
4
1
1
5
1
2
3
5
1
3
28
7
13
3
7
1
7
1
8
16
2
4
3
1
3
1
1
2
9
1
5
1
