
1000000110000001 513 19684 262145 1953126 10077697 40353608 134217729 387420490 1000000001
1100000111000001 513 19684 262145 1953126 10077697 40353608 134217729 387420490 1000000001
1010000110100001 513 19684 262145 1953126 10077697 40353608 134217729 387420490 1000000001
1110000111100001 513 19684 262145 1953126 10077697 40353608 134217729 387420490 1000000001
1001000110010001 513 19684 262145 1953126 10077697 40353608 134217729 387420490 1000000001
1101000111010001 513 19684 262145 1953126 10077697 40353608 134217729 387420490 1000000001
1011000110110001 513 19684 262145 1953126 10077697 40353608 134217729 387420490 1000000001
1111000111110001 513 19684 262145 1953126 10077697 40353608 134217729 387420490 1000000001
1000100110001001 513 19684 262145 1953126 10077697 40353608 134217729 387420490 1000000001
1100100111001001 513 19684 262145 1953126 10077697 40353608 134217729 387420490 1000000001
1010100110101001 513 19684 262145 1953126 10077697 40353608 134217729 387420490 1000000001
1110100111101001 513 19684 262145 1953126 10077697 40353608 134217729 387420490 1000000001
1001100110011001 513 19684 262145 1953126 10077697 40353608 134217729 387420490 1000000001
1101100111011001 513 19684 262145 1953126 10077697 40353608 134217729 387420490 1000000001
1011100110111001 513 19684 262145 1953126 10077697 40353608 134217729 387420490 1000000001
1111100111111001 513 19684 262145 1953126 10077697 40353608 134217729 387420490 1000000001
1000010110000101 513 19684 262145 1953126 10077697 40353608 134217729 387420490 1000000001
1100010111000101 513 19684 262145 1953126 10077697 40353608 134217729 387420490 1000000001
1010010110100101 513 19684 262145 1953126 10077697 40353608 134217729 387420490 1000000001
1110010111100101 513 19684 262145 1953126 10077697 40353608 134217729 387420490 1000000001
1001010110010101 513 19684 262145 1953126 10077697 40353608 134217729 387420490 1000000001
1101010111010101 513 19684 262145 1953126 10077697 40353608 134217729 387420490 1000000001
1011010110110101 513 19684 262145 1953126 10077697 40353608 134217729 387420490 1000000001
1111010111110101 513 19684 262145 1953126 10077697 40353608 134217729 387420490 1000000001
1000110110001101 513 19684 262145 1953126 10077697 40353608 134217729 387420490 1000000001
1100110111001101 513 19684 262145 1953126 10077697 40353608 134217729 387420490 1000000001
1010110110101101 513 19684 262145 1953126 10077697 40353608 134217729 387420490 1000000001
1110110111101101 513 19684 262145 1953126 10077697 40353608 134217729 387420490 1000000001
1001110110011101 513 19684 262145 1953126 10077697 40353608 134217729 387420490 1000000001
1101110111011101 513 19684 262145 1953126 10077697 40353608 134217729 387420490 1000000001
1011110110111101 513 19684 262145 1953126 10077697 40353608 134217729 387420490 1000000001
1111110111111101 513 19684 262145 1953126 10077697 40353608 134217729 387420490 1000000001
1000001110000011 513 19684 262145 1953126 10077697 40353608 134217729 387420490 1000000001
1100001111000011 513 19684 262145 1953126 10077697 40353608 134217729 387420490 1000000001
1010001110100011 513 19684 262145 1953126 10077697 40353608 134217729 387420490 1000000001
1110001111100011 513 19684 262145 1953126 10077697 40353608 134217729 387420490 1000000001
1001001110010011 513 19684 262145 1953126 10077697 40353608 134217729 387420490 1000000001
1101001111010011 513 19684 262145 1953126 10077697 40353608 134217729 387420490 1000000001
1011001110110011 513 19684 262145 1953126 10077697 40353608 134217729 387420490 1000000001
1111001111110011 513 19684 262145 1953126 10077697 40353608 134217729 387420490 1000000001
1000101110001011 513 19684 262145 1953126 10077697 40353608 134217729 387420490 1000000001
1100101111001011 513 19684 262145 1953126 10077697 40353608 134217729 387420490 1000000001
1010101110101011 513 19684 262145 1953126 10077697 40353608 134217729 387420490 1000000001
1110101111101011 513 19684 262145 1953126 10077697 40353608 134217729 387420490 1000000001
1001101110011011 513 19684 262145 1953126 10077697 40353608 134217729 387420490 1000000001
1101101111011011 513 19684 262145 1953126 10077697 40353608 134217729 387420490 1000000001
1011101110111011 513 19684 262145 1953126 10077697 40353608 134217729 387420490 1000000001
1111101111111011 513 19684 262145 1953126 10077697 40353608 134217729 387420490 1000000001
1000011110000111 513 19684 262145 1953126 10077697 40353608 134217729 387420490 1000000001
1100011111000111 513 19684 262145 1953126 10077697 40353608 134217729 387420490 1000000001
