
10000000000000000000000000000011 3 3 3 3 3 3 3 3 3
10000000000000000000000000000101 3 3 3 3 3 3 3 3 3
10000000000000000000000000001001 3 3 3 3 3 3 3 3 3
10000000000000000000000000010001 3 3 3 3 3 3 3 3 3
10000000000000000000000000011111 3 3 3 3 3 3 3 3 3
10000000000000000000000000100001 3 3 3 3 3 3 3 3 3
10000000000000000000000000101111 3 3 3 3 3 3 3 3 3
10000000000000000000000000110111 3 3 3 3 3 3 3 3 3
10000000000000000000000000111011 3 3 3 3 3 3 3 3 3
10000000000000000000000000111101 3 3 3 3 3 3 3 3 3
10000000000000000000000001000001 3 3 3 3 3 3 3 3 3
10000000000000000000000001001111 3 3 3 3 3 3 3 3 3
10000000000000000000000001010111 3 3 3 3 3 3 3 3 3
10000000000000000000000001011011 3 3 3 3 3 3 3 3 3
10000000000000000000000001011101 3 3 3 3 3 3 3 3 3
10000000000000000000000001100111 3 3 3 3 3 3 3 3 3
10000000000000000000000001101011 3 3 3 3 3 3 3 3 3
10000000000000000000000001101101 3 3 3 3 3 3 3 3 3
10000000000000000000000001110011 3 3 3 3 3 3 3 3 3
10000000000000000000000001110101 3 3 3 3 3 3 3 3 3
10000000000000000000000001111001 3 3 3 3 3 3 3 3 3
10000000000000000000000010000001 3 3 3 3 3 3 3 3 3
10000000000000000000000010001111 3 3 3 3 3 3 3 3 3
10000000000000000000000010010111 3 3 3 3 3 3 3 3 3
10000000000000000000000010011011 3 3 3 3 3 3 3 3 3
10000000000000000000000010011101 3 3 3 3 3 3 3 3 3
10000000000000000000000010100111 3 3 3 3 3 3 3 3 3
10000000000000000000000010101011 3 3 3 3 3 3 3 3 3
10000000000000000000000010101101 3 3 3 3 3 3 3 3 3
10000000000000000000000010110011 3 3 3 3 3 3 3 3 3
10000000000000000000000010110101 3 3 3 3 3 3 3 3 3
10000000000000000000000010111001 3 3 3 3 3 3 3 3 3
10000000000000000000000011000111 3 3 3 3 3 3 3 3 3
10000000000000000000000011001011 3 3 3 3 3 3 3 3 3
10000000000000000000000011001101 3 3 3 3 3 3 3 3 3
10000000000000000000000011010011 3 3 3 3 3 3 3 3 3
10000000000000000000000011010101 3 3 3 3 3 3 3 3 3
10000000000000000000000011011001 3 3 3 3 3 3 3 3 3
10000000000000000000000011100011 3 3 3 3 3 3 3 3 3
10000000000000000000000011100101 3 3 3 3 3 3 3 3 3
10000000000000000000000011101001 3 3 3 3 3 3 3 3 3
10000000000000000000000011110001 3 3 3 3 3 3 3 3 3
10000000000000000000000011111111 3 3 3 3 3 3 3 3 3
10000000000000000000000100000001 3 3 3 3 3 3 3 3 3
10000000000000000000000100001111 3 3 3 3 3 3 3 3 3
10000000000000000000000100010111 3 3 3 3 3 3 3 3 3
10000000000000000000000100011011 3 3 3 3 3 3 3 3 3
10000000000000000000000100011101 3 3 3 3 3 3 3 3 3
10000000000000000000000100100111 3 3 3 3 3 3 3 3 3
10000000000000000000000100101011 3 3 3 3 3 3 3 3 3
10000000000000000000000100101101 3 3 3 3 3 3 3 3 3
10000000000000000000000100110011 3 3 3 3 3 3 3 3 3
10000000000000000000000100110101 3 3 3 3 3 3 3 3 3
10000000000000000000000100111001 3 3 3 3 3 3 3 3 3
10000000000000000000000101000111 3 3 3 3 3 3 3 3 3
10000000000000000000000101001011 3 3 3 3 3 3 3 3 3
10000000000000000000000101001101 3 3 3 3 3 3 3 3 3
10000000000000000000000101010011 3 3 3 3 3 3 3 3 3
10000000000000000000000101010101 3 3 3 3 3 3 3 3 3
10000000000000000000000101011001 3 3 3 3 3 3 3 3 3
10000000000000000000000101100011 3 3 3 3 3 3 3 3 3
10000000000000000000000101100101 3 3 3 3 3 3 3 3 3
10000000000000000000000101101001 3 3 3 3 3 3 3 3 3
10000000000000000000000101110001 3 3 3 3 3 3 3 3 3
10000000000000000000000101111111 3 3 3 3 3 3 3 3 3
10000000000000000000000110000111 3 3 3 3 3 3 3 3 3
10000000000000000000000110001011 3 3 3 3 3 3 3 3 3
10000000000000000000000110001101 3 3 3 3 3 3 3 3 3
10000000000000000000000110010011 3 3 3 3 3 3 3 3 3
10000000000000000000000110010101 3 3 3 3 3 3 3 3 3
10000000000000000000000110011001 3 3 3 3 3 3 3 3 3
10000000000000000000000110100011 3 3 3 3 3 3 3 3 3
10000000000000000000000110100101 3 3 3 3 3 3 3 3 3
10000000000000000000000110101001 3 3 3 3 3 3 3 3 3
10000000000000000000000110110001 3 3 3 3 3 3 3 3 3
10000000000000000000000110111111 3 3 3 3 3 3 3 3 3
10000000000000000000000111000011 3 3 3 3 3 3 3 3 3
10000000000000000000000111000101 3 3 3 3 3 3 3 3 3
10000000000000000000000111001001 3 3 3 3 3 3 3 3 3
10000000000000000000000111010001 3 3 3 3 3 3 3 3 3
10000000000000000000000111011111 3 3 3 3 3 3 3 3 3
10000000000000000000000111100001 3 3 3 3 3 3 3 3 3
10000000000000000000000111101111 3 3 3 3 3 3 3 3 3
10000000000000000000000111110111 3 3 3 3 3 3 3 3 3
10000000000000000000000111111011 3 3 3 3 3 3 3 3 3
10000000000000000000000111111101 3 3 3 3 3 3 3 3 3
10000000000000000000001000000001 3 3 3 3 3 3 3 3 3
10000000000000000000001000001111 3 3 3 3 3 3 3 3 3
10000000000000000000001000010111 3 3 3 3 3 3 3 3 3
10000000000000000000001000011011 3 3 3 3 3 3 3 3 3
10000000000000000000001000011101 3 3 3 3 3 3 3 3 3
10000000000000000000001000100111 3 3 3 3 3 3 3 3 3
10000000000000000000001000101011 3 3 3 3 3 3 3 3 3
10000000000000000000001000101101 3 3 3 3 3 3 3 3 3
10000000000000000000001000110011 3 3 3 3 3 3 3 3 3
10000000000000000000001000110101 3 3 3 3 3 3 3 3 3
10000000000000000000001000111001 3 3 3 3 3 3 3 3 3
10000000000000000000001001000111 3 3 3 3 3 3 3 3 3
10000000000000000000001001001011 3 3 3 3 3 3 3 3 3
10000000000000000000001001001101 3 3 3 3 3 3 3 3 3
10000000000000000000001001010011 3 3 3 3 3 3 3 3 3
10000000000000000000001001010101 3 3 3 3 3 3 3 3 3
10000000000000000000001001011001 3 3 3 3 3 3 3 3 3
10000000000000000000001001100011 3 3 3 3 3 3 3 3 3
10000000000000000000001001100101 3 3 3 3 3 3 3 3 3
10000000000000000000001001101001 3 3 3 3 3 3 3 3 3
10000000000000000000001001110001 3 3 3 3 3 3 3 3 3
10000000000000000000001001111111 3 3 3 3 3 3 3 3 3
10000000000000000000001010000111 3 3 3 3 3 3 3 3 3
10000000000000000000001010001011 3 3 3 3 3 3 3 3 3
10000000000000000000001010001101 3 3 3 3 3 3 3 3 3
10000000000000000000001010010011 3 3 3 3 3 3 3 3 3
10000000000000000000001010010101 3 3 3 3 3 3 3 3 3
10000000000000000000001010011001 3 3 3 3 3 3 3 3 3
10000000000000000000001010100011 3 3 3 3 3 3 3 3 3
10000000000000000000001010100101 3 3 3 3 3 3 3 3 3
10000000000000000000001010101001 3 3 3 3 3 3 3 3 3
10000000000000000000001010110001 3 3 3 3 3 3 3 3 3
10000000000000000000001010111111 3 3 3 3 3 3 3 3 3
10000000000000000000001011000011 3 3 3 3 3 3 3 3 3
10000000000000000000001011000101 3 3 3 3 3 3 3 3 3
10000000000000000000001011001001 3 3 3 3 3 3 3 3 3
10000000000000000000001011010001 3 3 3 3 3 3 3 3 3
10000000000000000000001011011111 3 3 3 3 3 3 3 3 3
10000000000000000000001011100001 3 3 3 3 3 3 3 3 3
10000000000000000000001011101111 3 3 3 3 3 3 3 3 3
10000000000000000000001011110111 3 3 3 3 3 3 3 3 3
10000000000000000000001011111011 3 3 3 3 3 3 3 3 3
10000000000000000000001011111101 3 3 3 3 3 3 3 3 3
10000000000000000000001100000111 3 3 3 3 3 3 3 3 3
10000000000000000000001100001011 3 3 3 3 3 3 3 3 3
10000000000000000000001100001101 3 3 3 3 3 3 3 3 3
10000000000000000000001100010011 3 3 3 3 3 3 3 3 3
10000000000000000000001100010101 3 3 3 3 3 3 3 3 3
10000000000000000000001100011001 3 3 3 3 3 3 3 3 3
10000000000000000000001100100011 3 3 3 3 3 3 3 3 3
10000000000000000000001100100101 3 3 3 3 3 3 3 3 3
10000000000000000000001100101001 3 3 3 3 3 3 3 3 3
10000000000000000000001100110001 3 3 3 3 3 3 3 3 3
10000000000000000000001100111111 3 3 3 3 3 3 3 3 3
10000000000000000000001101000011 3 3 3 3 3 3 3 3 3
10000000000000000000001101000101 3 3 3 3 3 3 3 3 3
10000000000000000000001101001001 3 3 3 3 3 3 3 3 3
10000000000000000000001101010001 3 3 3 3 3 3 3 3 3
10000000000000000000001101011111 3 3 3 3 3 3 3 3 3
10000000000000000000001101100001 3 3 3 3 3 3 3 3 3
10000000000000000000001101101111 3 3 3 3 3 3 3 3 3
10000000000000000000001101110111 3 3 3 3 3 3 3 3 3
10000000000000000000001101111011 3 3 3 3 3 3 3 3 3
10000000000000000000001101111101 3 3 3 3 3 3 3 3 3
10000000000000000000001110000011 3 3 3 3 3 3 3 3 3
10000000000000000000001110000101 3 3 3 3 3 3 3 3 3
10000000000000000000001110001001 3 3 3 3 3 3 3 3 3
10000000000000000000001110010001 3 3 3 3 3 3 3 3 3
10000000000000000000001110011111 3 3 3 3 3 3 3 3 3
10000000000000000000001110100001 3 3 3 3 3 3 3 3 3
10000000000000000000001110101111 3 3 3 3 3 3 3 3 3
10000000000000000000001110110111 3 3 3 3 3 3 3 3 3
10000000000000000000001110111011 3 3 3 3 3 3 3 3 3
10000000000000000000001110111101 3 3 3 3 3 3 3 3 3
10000000000000000000001111000001 3 3 3 3 3 3 3 3 3
10000000000000000000001111001111 3 3 3 3 3 3 3 3 3
10000000000000000000001111010111 3 3 3 3 3 3 3 3 3
10000000000000000000001111011011 3 3 3 3 3 3 3 3 3
10000000000000000000001111011101 3 3 3 3 3 3 3 3 3
10000000000000000000001111100111 3 3 3 3 3 3 3 3 3
10000000000000000000001111101011 3 3 3 3 3 3 3 3 3
10000000000000000000001111101101 3 3 3 3 3 3 3 3 3
10000000000000000000001111110011 3 3 3 3 3 3 3 3 3
10000000000000000000001111110101 3 3 3 3 3 3 3 3 3
10000000000000000000001111111001 3 3 3 3 3 3 3 3 3
10000000000000000000010000000001 3 3 3 3 3 3 3 3 3
10000000000000000000010000001111 3 3 3 3 3 3 3 3 3
10000000000000000000010000010111 3 3 3 3 3 3 3 3 3
10000000000000000000010000011011 3 3 3 3 3 3 3 3 3
10000000000000000000010000011101 3 3 3 3 3 3 3 3 3
10000000000000000000010000100111 3 3 3 3 3 3 3 3 3
10000000000000000000010000101011 3 3 3 3 3 3 3 3 3
10000000000000000000010000101101 3 3 3 3 3 3 3 3 3
10000000000000000000010000110011 3 3 3 3 3 3 3 3 3
10000000000000000000010000110101 3 3 3 3 3 3 3 3 3
10000000000000000000010000111001 3 3 3 3 3 3 3 3 3
10000000000000000000010001000111 3 3 3 3 3 3 3 3 3
10000000000000000000010001001011 3 3 3 3 3 3 3 3 3
10000000000000000000010001001101 3 3 3 3 3 3 3 3 3
10000000000000000000010001010011 3 3 3 3 3 3 3 3 3
10000000000000000000010001010101 3 3 3 3 3 3 3 3 3
10000000000000000000010001011001 3 3 3 3 3 3 3 3 3
10000000000000000000010001100011 3 3 3 3 3 3 3 3 3
10000000000000000000010001100101 3 3 3 3 3 3 3 3 3
10000000000000000000010001101001 3 3 3 3 3 3 3 3 3
10000000000000000000010001110001 3 3 3 3 3 3 3 3 3
10000000000000000000010001111111 3 3 3 3 3 3 3 3 3
10000000000000000000010010000111 3 3 3 3 3 3 3 3 3
10000000000000000000010010001011 3 3 3 3 3 3 3 3 3
10000000000000000000010010001101 3 3 3 3 3 3 3 3 3
10000000000000000000010010010011 3 3 3 3 3 3 3 3 3
10000000000000000000010010010101 3 3 3 3 3 3 3 3 3
10000000000000000000010010011001 3 3 3 3 3 3 3 3 3
10000000000000000000010010100011 3 3 3 3 3 3 3 3 3
10000000000000000000010010100101 3 3 3 3 3 3 3 3 3
10000000000000000000010010101001 3 3 3 3 3 3 3 3 3
10000000000000000000010010110001 3 3 3 3 3 3 3 3 3
10000000000000000000010010111111 3 3 3 3 3 3 3 3 3
10000000000000000000010011000011 3 3 3 3 3 3 3 3 3
10000000000000000000010011000101 3 3 3 3 3 3 3 3 3
10000000000000000000010011001001 3 3 3 3 3 3 3 3 3
10000000000000000000010011010001 3 3 3 3 3 3 3 3 3
10000000000000000000010011011111 3 3 3 3 3 3 3 3 3
10000000000000000000010011100001 3 3 3 3 3 3 3 3 3
10000000000000000000010011101111 3 3 3 3 3 3 3 3 3
10000000000000000000010011110111 3 3 3 3 3 3 3 3 3
10000000000000000000010011111011 3 3 3 3 3 3 3 3 3
10000000000000000000010011111101 3 3 3 3 3 3 3 3 3
10000000000000000000010100000111 3 3 3 3 3 3 3 3 3
10000000000000000000010100001011 3 3 3 3 3 3 3 3 3
10000000000000000000010100001101 3 3 3 3 3 3 3 3 3
10000000000000000000010100010011 3 3 3 3 3 3 3 3 3
10000000000000000000010100010101 3 3 3 3 3 3 3 3 3
10000000000000000000010100011001 3 3 3 3 3 3 3 3 3
10000000000000000000010100100011 3 3 3 3 3 3 3 3 3
10000000000000000000010100100101 3 3 3 3 3 3 3 3 3
10000000000000000000010100101001 3 3 3 3 3 3 3 3 3
10000000000000000000010100110001 3 3 3 3 3 3 3 3 3
10000000000000000000010100111111 3 3 3 3 3 3 3 3 3
10000000000000000000010101000011 3 3 3 3 3 3 3 3 3
10000000000000000000010101000101 3 3 3 3 3 3 3 3 3
10000000000000000000010101001001 3 3 3 3 3 3 3 3 3
10000000000000000000010101010001 3 3 3 3 3 3 3 3 3
10000000000000000000010101011111 3 3 3 3 3 3 3 3 3
10000000000000000000010101100001 3 3 3 3 3 3 3 3 3
10000000000000000000010101101111 3 3 3 3 3 3 3 3 3
10000000000000000000010101110111 3 3 3 3 3 3 3 3 3
10000000000000000000010101111011 3 3 3 3 3 3 3 3 3
10000000000000000000010101111101 3 3 3 3 3 3 3 3 3
10000000000000000000010110000011 3 3 3 3 3 3 3 3 3
10000000000000000000010110000101 3 3 3 3 3 3 3 3 3
10000000000000000000010110001001 3 3 3 3 3 3 3 3 3
10000000000000000000010110010001 3 3 3 3 3 3 3 3 3
10000000000000000000010110011111 3 3 3 3 3 3 3 3 3
10000000000000000000010110100001 3 3 3 3 3 3 3 3 3
10000000000000000000010110101111 3 3 3 3 3 3 3 3 3
10000000000000000000010110110111 3 3 3 3 3 3 3 3 3
10000000000000000000010110111011 3 3 3 3 3 3 3 3 3
10000000000000000000010110111101 3 3 3 3 3 3 3 3 3
10000000000000000000010111000001 3 3 3 3 3 3 3 3 3
10000000000000000000010111001111 3 3 3 3 3 3 3 3 3
10000000000000000000010111010111 3 3 3 3 3 3 3 3 3
10000000000000000000010111011011 3 3 3 3 3 3 3 3 3
10000000000000000000010111011101 3 3 3 3 3 3 3 3 3
10000000000000000000010111100111 3 3 3 3 3 3 3 3 3
10000000000000000000010111101011 3 3 3 3 3 3 3 3 3
10000000000000000000010111101101 3 3 3 3 3 3 3 3 3
10000000000000000000010111110011 3 3 3 3 3 3 3 3 3
10000000000000000000010111110101 3 3 3 3 3 3 3 3 3
10000000000000000000010111111001 3 3 3 3 3 3 3 3 3
10000000000000000000011000000111 3 3 3 3 3 3 3 3 3
10000000000000000000011000001011 3 3 3 3 3 3 3 3 3
10000000000000000000011000001101 3 3 3 3 3 3 3 3 3
10000000000000000000011000010011 3 3 3 3 3 3 3 3 3
10000000000000000000011000010101 3 3 3 3 3 3 3 3 3
10000000000000000000011000011001 3 3 3 3 3 3 3 3 3
10000000000000000000011000100011 3 3 3 3 3 3 3 3 3
10000000000000000000011000100101 3 3 3 3 3 3 3 3 3
10000000000000000000011000101001 3 3 3 3 3 3 3 3 3
10000000000000000000011000110001 3 3 3 3 3 3 3 3 3
10000000000000000000011000111111 3 3 3 3 3 3 3 3 3
10000000000000000000011001000011 3 3 3 3 3 3 3 3 3
10000000000000000000011001000101 3 3 3 3 3 3 3 3 3
10000000000000000000011001001001 3 3 3 3 3 3 3 3 3
10000000000000000000011001010001 3 3 3 3 3 3 3 3 3
10000000000000000000011001011111 3 3 3 3 3 3 3 3 3
10000000000000000000011001100001 3 3 3 3 3 3 3 3 3
10000000000000000000011001101111 3 3 3 3 3 3 3 3 3
10000000000000000000011001110111 3 3 3 3 3 3 3 3 3
10000000000000000000011001111011 3 3 3 3 3 3 3 3 3
10000000000000000000011001111101 3 3 3 3 3 3 3 3 3
10000000000000000000011010000011 3 3 3 3 3 3 3 3 3
10000000000000000000011010000101 3 3 3 3 3 3 3 3 3
10000000000000000000011010001001 3 3 3 3 3 3 3 3 3
10000000000000000000011010010001 3 3 3 3 3 3 3 3 3
10000000000000000000011010011111 3 3 3 3 3 3 3 3 3
10000000000000000000011010100001 3 3 3 3 3 3 3 3 3
10000000000000000000011010101111 3 3 3 3 3 3 3 3 3
10000000000000000000011010110111 3 3 3 3 3 3 3 3 3
10000000000000000000011010111011 3 3 3 3 3 3 3 3 3
10000000000000000000011010111101 3 3 3 3 3 3 3 3 3
10000000000000000000011011000001 3 3 3 3 3 3 3 3 3
10000000000000000000011011001111 3 3 3 3 3 3 3 3 3
10000000000000000000011011010111 3 3 3 3 3 3 3 3 3
10000000000000000000011011011011 3 3 3 3 3 3 3 3 3
10000000000000000000011011011101 3 3 3 3 3 3 3 3 3
10000000000000000000011011100111 3 3 3 3 3 3 3 3 3
10000000000000000000011011101011 3 3 3 3 3 3 3 3 3
10000000000000000000011011101101 3 3 3 3 3 3 3 3 3
10000000000000000000011011110011 3 3 3 3 3 3 3 3 3
10000000000000000000011011110101 3 3 3 3 3 3 3 3 3
10000000000000000000011011111001 3 3 3 3 3 3 3 3 3
10000000000000000000011100000011 3 3 3 3 3 3 3 3 3
10000000000000000000011100000101 3 3 3 3 3 3 3 3 3
10000000000000000000011100001001 3 3 3 3 3 3 3 3 3
10000000000000000000011100010001 3 3 3 3 3 3 3 3 3
10000000000000000000011100011111 3 3 3 3 3 3 3 3 3
10000000000000000000011100100001 3 3 3 3 3 3 3 3 3
10000000000000000000011100101111 3 3 3 3 3 3 3 3 3
10000000000000000000011100110111 3 3 3 3 3 3 3 3 3
10000000000000000000011100111011 3 3 3 3 3 3 3 3 3
10000000000000000000011100111101 3 3 3 3 3 3 3 3 3
10000000000000000000011101000001 3 3 3 3 3 3 3 3 3
10000000000000000000011101001111 3 3 3 3 3 3 3 3 3
10000000000000000000011101010111 3 3 3 3 3 3 3 3 3
10000000000000000000011101011011 3 3 3 3 3 3 3 3 3
10000000000000000000011101011101 3 3 3 3 3 3 3 3 3
10000000000000000000011101100111 3 3 3 3 3 3 3 3 3
10000000000000000000011101101011 3 3 3 3 3 3 3 3 3
10000000000000000000011101101101 3 3 3 3 3 3 3 3 3
10000000000000000000011101110011 3 3 3 3 3 3 3 3 3
10000000000000000000011101110101 3 3 3 3 3 3 3 3 3
10000000000000000000011101111001 3 3 3 3 3 3 3 3 3
10000000000000000000011110000001 3 3 3 3 3 3 3 3 3
10000000000000000000011110001111 3 3 3 3 3 3 3 3 3
10000000000000000000011110010111 3 3 3 3 3 3 3 3 3
10000000000000000000011110011011 3 3 3 3 3 3 3 3 3
10000000000000000000011110011101 3 3 3 3 3 3 3 3 3
10000000000000000000011110100111 3 3 3 3 3 3 3 3 3
10000000000000000000011110101011 3 3 3 3 3 3 3 3 3
10000000000000000000011110101101 3 3 3 3 3 3 3 3 3
10000000000000000000011110110011 3 3 3 3 3 3 3 3 3
10000000000000000000011110110101 3 3 3 3 3 3 3 3 3
10000000000000000000011110111001 3 3 3 3 3 3 3 3 3
10000000000000000000011111000111 3 3 3 3 3 3 3 3 3
10000000000000000000011111001011 3 3 3 3 3 3 3 3 3
10000000000000000000011111001101 3 3 3 3 3 3 3 3 3
10000000000000000000011111010011 3 3 3 3 3 3 3 3 3
10000000000000000000011111010101 3 3 3 3 3 3 3 3 3
10000000000000000000011111011001 3 3 3 3 3 3 3 3 3
10000000000000000000011111100011 3 3 3 3 3 3 3 3 3
10000000000000000000011111100101 3 3 3 3 3 3 3 3 3
10000000000000000000011111101001 3 3 3 3 3 3 3 3 3
10000000000000000000011111110001 3 3 3 3 3 3 3 3 3
10000000000000000000011111111111 3 3 3 3 3 3 3 3 3
10000000000000000000100000000001 3 3 3 3 3 3 3 3 3
10000000000000000000100000001111 3 3 3 3 3 3 3 3 3
10000000000000000000100000010111 3 3 3 3 3 3 3 3 3
10000000000000000000100000011011 3 3 3 3 3 3 3 3 3
10000000000000000000100000011101 3 3 3 3 3 3 3 3 3
10000000000000000000100000100111 3 3 3 3 3 3 3 3 3
10000000000000000000100000101011 3 3 3 3 3 3 3 3 3
10000000000000000000100000101101 3 3 3 3 3 3 3 3 3
10000000000000000000100000110011 3 3 3 3 3 3 3 3 3
10000000000000000000100000110101 3 3 3 3 3 3 3 3 3
10000000000000000000100000111001 3 3 3 3 3 3 3 3 3
10000000000000000000100001000111 3 3 3 3 3 3 3 3 3
10000000000000000000100001001011 3 3 3 3 3 3 3 3 3
10000000000000000000100001001101 3 3 3 3 3 3 3 3 3
10000000000000000000100001010011 3 3 3 3 3 3 3 3 3
10000000000000000000100001010101 3 3 3 3 3 3 3 3 3
10000000000000000000100001011001 3 3 3 3 3 3 3 3 3
10000000000000000000100001100011 3 3 3 3 3 3 3 3 3
10000000000000000000100001100101 3 3 3 3 3 3 3 3 3
10000000000000000000100001101001 3 3 3 3 3 3 3 3 3
10000000000000000000100001110001 3 3 3 3 3 3 3 3 3
10000000000000000000100001111111 3 3 3 3 3 3 3 3 3
10000000000000000000100010000111 3 3 3 3 3 3 3 3 3
10000000000000000000100010001011 3 3 3 3 3 3 3 3 3
10000000000000000000100010001101 3 3 3 3 3 3 3 3 3
10000000000000000000100010010011 3 3 3 3 3 3 3 3 3
10000000000000000000100010010101 3 3 3 3 3 3 3 3 3
10000000000000000000100010011001 3 3 3 3 3 3 3 3 3
10000000000000000000100010100011 3 3 3 3 3 3 3 3 3
10000000000000000000100010100101 3 3 3 3 3 3 3 3 3
10000000000000000000100010101001 3 3 3 3 3 3 3 3 3
10000000000000000000100010110001 3 3 3 3 3 3 3 3 3
10000000000000000000100010111111 3 3 3 3 3 3 3 3 3
10000000000000000000100011000011 3 3 3 3 3 3 3 3 3
10000000000000000000100011000101 3 3 3 3 3 3 3 3 3
10000000000000000000100011001001 3 3 3 3 3 3 3 3 3
10000000000000000000100011010001 3 3 3 3 3 3 3 3 3
10000000000000000000100011011111 3 3 3 3 3 3 3 3 3
10000000000000000000100011100001 3 3 3 3 3 3 3 3 3
10000000000000000000100011101111 3 3 3 3 3 3 3 3 3
10000000000000000000100011110111 3 3 3 3 3 3 3 3 3
10000000000000000000100011111011 3 3 3 3 3 3 3 3 3
10000000000000000000100011111101 3 3 3 3 3 3 3 3 3
10000000000000000000100100000111 3 3 3 3 3 3 3 3 3
10000000000000000000100100001011 3 3 3 3 3 3 3 3 3
10000000000000000000100100001101 3 3 3 3 3 3 3 3 3
10000000000000000000100100010011 3 3 3 3 3 3 3 3 3
10000000000000000000100100010101 3 3 3 3 3 3 3 3 3
10000000000000000000100100011001 3 3 3 3 3 3 3 3 3
10000000000000000000100100100011 3 3 3 3 3 3 3 3 3
10000000000000000000100100100101 3 3 3 3 3 3 3 3 3
10000000000000000000100100101001 3 3 3 3 3 3 3 3 3
10000000000000000000100100110001 3 3 3 3 3 3 3 3 3
10000000000000000000100100111111 3 3 3 3 3 3 3 3 3
10000000000000000000100101000011 3 3 3 3 3 3 3 3 3
10000000000000000000100101000101 3 3 3 3 3 3 3 3 3
10000000000000000000100101001001 3 3 3 3 3 3 3 3 3
10000000000000000000100101010001 3 3 3 3 3 3 3 3 3
10000000000000000000100101011111 3 3 3 3 3 3 3 3 3
10000000000000000000100101100001 3 3 3 3 3 3 3 3 3
10000000000000000000100101101111 3 3 3 3 3 3 3 3 3
10000000000000000000100101110111 3 3 3 3 3 3 3 3 3
10000000000000000000100101111011 3 3 3 3 3 3 3 3 3
10000000000000000000100101111101 3 3 3 3 3 3 3 3 3
10000000000000000000100110000011 3 3 3 3 3 3 3 3 3
10000000000000000000100110000101 3 3 3 3 3 3 3 3 3
10000000000000000000100110001001 3 3 3 3 3 3 3 3 3
10000000000000000000100110010001 3 3 3 3 3 3 3 3 3
10000000000000000000100110011111 3 3 3 3 3 3 3 3 3
10000000000000000000100110100001 3 3 3 3 3 3 3 3 3
10000000000000000000100110101111 3 3 3 3 3 3 3 3 3
10000000000000000000100110110111 3 3 3 3 3 3 3 3 3
10000000000000000000100110111011 3 3 3 3 3 3 3 3 3
10000000000000000000100110111101 3 3 3 3 3 3 3 3 3
10000000000000000000100111000001 3 3 3 3 3 3 3 3 3
10000000000000000000100111001111 3 3 3 3 3 3 3 3 3
10000000000000000000100111010111 3 3 3 3 3 3 3 3 3
10000000000000000000100111011011 3 3 3 3 3 3 3 3 3
10000000000000000000100111011101 3 3 3 3 3 3 3 3 3
10000000000000000000100111100111 3 3 3 3 3 3 3 3 3
10000000000000000000100111101011 3 3 3 3 3 3 3 3 3
10000000000000000000100111101101 3 3 3 3 3 3 3 3 3
10000000000000000000100111110011 3 3 3 3 3 3 3 3 3
10000000000000000000100111110101 3 3 3 3 3 3 3 3 3
10000000000000000000100111111001 3 3 3 3 3 3 3 3 3
10000000000000000000101000000111 3 3 3 3 3 3 3 3 3
10000000000000000000101000001011 3 3 3 3 3 3 3 3 3
10000000000000000000101000001101 3 3 3 3 3 3 3 3 3
10000000000000000000101000010011 3 3 3 3 3 3 3 3 3
10000000000000000000101000010101 3 3 3 3 3 3 3 3 3
10000000000000000000101000011001 3 3 3 3 3 3 3 3 3
10000000000000000000101000100011 3 3 3 3 3 3 3 3 3
10000000000000000000101000100101 3 3 3 3 3 3 3 3 3
10000000000000000000101000101001 3 3 3 3 3 3 3 3 3
10000000000000000000101000110001 3 3 3 3 3 3 3 3 3
10000000000000000000101000111111 3 3 3 3 3 3 3 3 3
10000000000000000000101001000011 3 3 3 3 3 3 3 3 3
10000000000000000000101001000101 3 3 3 3 3 3 3 3 3
10000000000000000000101001001001 3 3 3 3 3 3 3 3 3
10000000000000000000101001010001 3 3 3 3 3 3 3 3 3
10000000000000000000101001011111 3 3 3 3 3 3 3 3 3
10000000000000000000101001100001 3 3 3 3 3 3 3 3 3
10000000000000000000101001101111 3 3 3 3 3 3 3 3 3
10000000000000000000101001110111 3 3 3 3 3 3 3 3 3
10000000000000000000101001111011 3 3 3 3 3 3 3 3 3
10000000000000000000101001111101 3 3 3 3 3 3 3 3 3
10000000000000000000101010000011 3 3 3 3 3 3 3 3 3
10000000000000000000101010000101 3 3 3 3 3 3 3 3 3
10000000000000000000101010001001 3 3 3 3 3 3 3 3 3
10000000000000000000101010010001 3 3 3 3 3 3 3 3 3
10000000000000000000101010011111 3 3 3 3 3 3 3 3 3
10000000000000000000101010100001 3 3 3 3 3 3 3 3 3
10000000000000000000101010101111 3 3 3 3 3 3 3 3 3
10000000000000000000101010110111 3 3 3 3 3 3 3 3 3
10000000000000000000101010111011 3 3 3 3 3 3 3 3 3
10000000000000000000101010111101 3 3 3 3 3 3 3 3 3
10000000000000000000101011000001 3 3 3 3 3 3 3 3 3
10000000000000000000101011001111 3 3 3 3 3 3 3 3 3
10000000000000000000101011010111 3 3 3 3 3 3 3 3 3
10000000000000000000101011011011 3 3 3 3 3 3 3 3 3
10000000000000000000101011011101 3 3 3 3 3 3 3 3 3
10000000000000000000101011100111 3 3 3 3 3 3 3 3 3
10000000000000000000101011101011 3 3 3 3 3 3 3 3 3
10000000000000000000101011101101 3 3 3 3 3 3 3 3 3
10000000000000000000101011110011 3 3 3 3 3 3 3 3 3
10000000000000000000101011110101 3 3 3 3 3 3 3 3 3
10000000000000000000101011111001 3 3 3 3 3 3 3 3 3
10000000000000000000101100000011 3 3 3 3 3 3 3 3 3
10000000000000000000101100000101 3 3 3 3 3 3 3 3 3
10000000000000000000101100001001 3 3 3 3 3 3 3 3 3
10000000000000000000101100010001 3 3 3 3 3 3 3 3 3
10000000000000000000101100011111 3 3 3 3 3 3 3 3 3
10000000000000000000101100100001 3 3 3 3 3 3 3 3 3
10000000000000000000101100101111 3 3 3 3 3 3 3 3 3
10000000000000000000101100110111 3 3 3 3 3 3 3 3 3
10000000000000000000101100111011 3 3 3 3 3 3 3 3 3
10000000000000000000101100111101 3 3 3 3 3 3 3 3 3
10000000000000000000101101000001 3 3 3 3 3 3 3 3 3
10000000000000000000101101001111 3 3 3 3 3 3 3 3 3
10000000000000000000101101010111 3 3 3 3 3 3 3 3 3
10000000000000000000101101011011 3 3 3 3 3 3 3 3 3
10000000000000000000101101011101 3 3 3 3 3 3 3 3 3
10000000000000000000101101100111 3 3 3 3 3 3 3 3 3
10000000000000000000101101101011 3 3 3 3 3 3 3 3 3
10000000000000000000101101101101 3 3 3 3 3 3 3 3 3
10000000000000000000101101110011 3 3 3 3 3 3 3 3 3
10000000000000000000101101110101 3 3 3 3 3 3 3 3 3
10000000000000000000101101111001 3 3 3 3 3 3 3 3 3
10000000000000000000101110000001 3 3 3 3 3 3 3 3 3
10000000000000000000101110001111 3 3 3 3 3 3 3 3 3
10000000000000000000101110010111 3 3 3 3 3 3 3 3 3
10000000000000000000101110011011 3 3 3 3 3 3 3 3 3
10000000000000000000101110011101 3 3 3 3 3 3 3 3 3
10000000000000000000101110100111 3 3 3 3 3 3 3 3 3
10000000000000000000101110101011 3 3 3 3 3 3 3 3 3
10000000000000000000101110101101 3 3 3 3 3 3 3 3 3
10000000000000000000101110110011 3 3 3 3 3 3 3 3 3
10000000000000000000101110110101 3 3 3 3 3 3 3 3 3
10000000000000000000101110111001 3 3 3 3 3 3 3 3 3
