1
3
6
10
15
21
28
36
45
55
66
78
91
105
120
136
153
171
190
210
3
9
18
30
45
63
84
108
135
165
198
234
273
315
360
408
459
513
570
630
6
18
36
60
90
126
168
216
270
330
396
468
546
630
720
816
918
1026
1140
1260
10
30
60
100
150
210
280
360
450
550
660
780
910
1050
1200
1360
1530
1710
1900
2100
15
45
90
150
225
315
420
540
675
825
990
1170
1365
1575
1800
2040
2295
2565
2850
3150
21
63
126
210
315
441
588
756
945
1155
1386
1638
1911
2205
2520
2856
3213
3591
3990
4410
28
84
168
280
420
588
784
1008
1260
1540
1848
2184
2548
2940
3360
3808
4284
4788
5320
5880
36
108
216
360
540
756
1008
1296
1620
1980
2376
2808
3276
3780
4320
4896
5508
6156
6840
7560
45
135
270
450
675
945
1260
1620
2025
2475
2970
3510
4095
4725
5400
6120
6885
7695
8550
9450
55
165
330
550
825
1155
1540
1980
2475
3025
3630
4290
5005
5775
6600
7480
8415
9405
10450
11550
66
198
396
660
990
1386
1848
2376
2970
3630
4356
5148
6006
6930
7920
8976
10098
11286
12540
13860
78
234
468
780
1170
1638
2184
2808
3510
4290
5148
6084
7098
8190
9360
10608
11934
13338
14820
16380
91
273
546
910
1365
1911
2548
3276
4095
5005
6006
7098
8281
9555
10920
12376
13923
15561
17290
19110
105
315
630
1050
1575
2205
2940
3780
4725
5775
6930
8190
9555
11025
12600
14280
16065
17955
19950
22050
120
360
720
1200
1800
2520
3360
4320
5400
6600
7920
9360
10920
12600
14400
16320
18360
20520
22800
25200
136
408
816
1360
2040
2856
3808
4896
6120
7480
8976
10608
12376
14280
16320
18496
20808
23256
25840
28560
153
459
918
1530
2295
3213
4284
5508
6885
8415
10098
11934
13923
16065
18360
20808
23409
26163
29070
32130
171
513
1026
1710
2565
3591
4788
6156
7695
9405
11286
13338
15561
17955
20520
23256
26163
29241
32490
35910
190
570
1140
1900
2850
3990
5320
6840
8550
10450
12540
14820
17290
19950
22800
25840
29070
32490
36100
39900
210
630
1260
2100
3150
4410
5880
7560
9450
11550
13860
16380
19110
22050
25200
28560
32130
35910
39900
44100
