3
6
10
15
21
28
36
45
55
57
60
64
69
75
82
90
99
109
120
123
127
132
138
145
153
162
172
183
195
199
204
210
217
225
234
244
255
267
280
285
291
298
306
315
325
336
348
361
375
381
388
396
405
415
426
438
451
465
480
487
495
504
514
525
537
550
564
579
595
603
612
622
633
645
658
672
687
703
720
729
739
750
762
775
789
804
820
837
855
865
876
888
901
915
930
946
963
981
1000
1002
5
9
14
20
27
35
44
54
56
59
63
68
74
81
89
98
108
119
122
126
131
137
144
152
161
171
182
194
198
203
209
216
224
233
243
254
266
279
284
290
297
305
314
324
335
347
360
374
380
387
395
404
414
425
437
450
464
479
486
494
503
513
524
536
549
563
578
594
602
611
621
632
644
657
671
686
702
719
728
738
749
761
774
788
803
819
836
854
864
875
887
900
914
929
945
962
980
999
1001
1004
7
12
18
25
33
42
52
54
57
61
66
72
79
87
96
106
117
120
124
129
135
142
150
159
169
180
192
196
201
207
214
222
231
241
252
264
277
282
288
295
303
312
322
333
345
358
372
378
385
393
402
412
423
435
448
462
477
484
492
501
511
522
534
547
561
576
592
600
609
619
630
642
655
669
684
700
717
726
736
747
759
772
786
801
817
834
852
862
873
885
898
912
927
943
960
978
997
999
1002
1006
9
15
22
30
39
49
51
54
58
63
69
76
84
93
103
114
117
121
126
132
139
147
156
166
177
189
193
198
204
211
219
228
238
249
261
274
279
285
292
300
309
319
330
342
355
369
375
382
390
399
409
420
432
445
459
474
481
489
498
508
519
531
544
558
573
589
597
606
616
627
639
652
666
681
697
714
723
733
744
756
769
783
798
814
831
849
859
870
882
895
909
924
940
957
975
994
996
999
1003
1008
11
18
26
35
45
47
50
54
59
65
72
80
89
99
110
113
117
122
128
135
143
152
162
173
185
189
194
200
207
215
224
234
245
257
270
275
281
288
296
305
315
326
338
351
365
371
378
386
395
405
416
428
441
455
470
477
485
494
504
515
527
540
554
569
585
593
602
612
623
635
648
662
677
693
710
719
729
740
752
765
779
794
810
827
845
855
866
878
891
905
920
936
953
971
990
992
995
999
1004
1010
13
21
30
40
42
45
49
54
60
67
75
84
94
105
108
112
117
123
130
138
147
157
168
180
184
189
195
202
210
219
229
240
252
265
270
276
283
291
300
310
321
333
346
360
366
373
381
390
400
411
423
436
450
465
472
480
489
499
510
522
535
549
564
580
588
597
607
618
630
643
657
672
688
705
714
724
735
747
760
774
789
805
822
840
850
861
873
886
900
915
931
948
966
985
987
990
994
999
1005
1012
15
24
34
36
39
43
48
54
61
69
78
88
99
102
106
111
117
124
132
141
151
162
174
178
183
189
196
204
213
223
234
246
259
264
270
277
285
294
304
315
327
340
354
360
367
375
384
394
405
417
430
444
459
466
474
483
493
504
516
529
543
558
574
582
591
601
612
624
637
651
666
682
699
708
718
729
741
754
768
783
799
816
834
844
855
867
880
894
909
925
942
960
979
981
984
988
993
999
1006
1014
17
27
29
32
36
41
47
54
62
71
81
92
95
99
104
110
117
125
134
144
155
167
171
176
182
189
197
206
216
227
239
252
257
263
270
278
287
297
308
320
333
347
353
360
368
377
387
398
410
423
437
452
459
467
476
486
497
509
522
536
551
567
575
584
594
605
617
630
644
659
675
692
701
711
722
734
747
761
776
792
809
827
837
848
860
873
887
902
918
935
953
972
974
977
981
986
992
999
1007
1016
19
21
24
28
33
39
46
54
63
73
84
87
91
96
102
109
117
126
136
147
159
163
168
174
181
189
198
208
219
231
244
249
255
262
270
279
289
300
312
325
339
345
352
360
369
379
390
402
415
429
444
451
459
468
478
489
501
514
528
543
559
567
576
586
597
609
622
636
651
667
684
693
703
714
726
739
753
768
784
801
819
829
840
852
865
879
894
910
927
945
964
966
969
973
978
984
991
999
1008
1018
12
15
19
24
30
37
45
54
64
75
78
82
87
93
100
108
117
127
138
150
154
159
165
172
180
189
199
210
222
235
240
246
253
261
270
280
291
303
316
330
336
343
351
360
370
381
393
406
420
435
442
450
459
469
480
492
505
519
534
550
558
567
577
588
600
613
627
642
658
675
684
694
705
717
730
744
759
775
792
810
820
831
843
856
870
885
901
918
936
955
957
960
964
969
975
982
990
999
1009
1020
