903
56280
14535
114601
462771
248111
39903
462711
495563
342769
77028
405846
43071
89253
258840
100576
297839
378885
222546
666
248160
52326
226810
10153
32385
150426
220116
741
262450
140715
49107
18336
41584
861
35245
100128
396656
68655
28
77815
198141
3655
286903
466897
432924
445665
196554
144991
7057
432373
344947
205120
248865
476889
227088
253
422581
36856
302457
4851
485832
13203
63546
214921
528
61323
443428
466735
5886
36
104823
284251
447021
22155
24753
89676
124562
85398
405759
290810
84306
195087
150491
173496
181755
42778
67287
170187
60875
223630
39903
1485
87990
405562
8256
266085
210441
326414
48516
331190
48205
437160
180151
135460
318688
22500
356825
489842
19306
4465
137550
49770
100422
105570
169071
318754
174345
55
112101
145237
780
18336
458400
333336
12403
20706
36841
54285
66066
382824
375882
356184
389403
52326
253
155484
398001
2926
180390
10
371264
81003
32896
6
16836
4005
191271
347361
14380
259863
476763
68265
90951
94830
97903
10548
258840
9870
39340
236486
151087
376278
18915
44551
41010
119522
104196
6670
50403
309286
49455
17067
416432
347361
49455
52003
209628
115533
19503
8515
143465
15225
1035
43071
31010
12090
277981
17578
108220
13681
310866
459144
20706
114066
49770
56280
69271
343509
119018
134406
299112
291561
18721
5356
23005
319206
139656
148240
300
1953
10
128271
255805
120913
24976
2145
17766
85905
36685
27966
253828
402085
41041
10011
241931
210
166753
216561
69378
230266
362893
190
7260
317241
1891
66
14706
166069
990
13585
385501
159973
166856
196251
198765
90100
408156
7750
271905
19306
34984
20589
496
78
85078
11935
313236
17955
442359
220116
405637
459741
58881
113878
1770
46360
63936
113391
6555
322003
106062
493360
82621
6328
348795
2701
339414
154752
196520
138770
57019
377799
384813
189576
257424
168169
89320
26565
157080
44253
1485
171405
214840
104741
142311
184652
415692
2346
228826
25057
284878
273893
106030
24753
196878
21321
361329
39340
18915
203306
155403
15753
463617
388500
85905
365940
10296
187578
90525
283437
44253
861
378432
335179
171
6441
14535
861
233093
124251
488470
62520
212878
1035
56616
18721
35063
127260
300867
43071
151525
158203
109746
8515
329955
179319
23436
23005
340123
77421
225027
406
2926
124750
41616
182811
24753
249914
66
119572
13695
192510
175528
334392
281140
476236
46360
4950
171405
472013
412227
149331
149878
296046
135460
42195
374870
30381
51040
181179
8911
11693
163306
403509
90100
180901
136
435
60192
445402
84255
1275
173412
183000
24753
455601
10878
450881
93096
276387
144453
666
17001
364455
25425
426270
33411
446985
51040
81958
31684
151028
170889
465066
2926
10296
444132
91378
15225
82215
196878
69936
156021
269823
332520
33153
438614
116530
136
26796
179715
202719
238435
219481
399003
87153
45
27495
46360
46103
11050
50507
5931
20058
51040
1326
65438
408383
207690
407594
120295
40186
226824
81406
345418
385200
45
354294
447149
127372
234699
244060
261726
741
106718
129795
460786
133116
439521
1770
471288
7021
154846
53506
22791
3486
3741
117855
72771
453086
6786
6216
2775
475007
457713
5853
443362
262086
435
302604
2628
469248
55945
11935
14365
228873
211627
48205
233412
6903
222917
231540
88847
341561
133903
220314
232903
58311
253
256713
48205
407282
7875
278631
90100
324414
51040
411762
107264
9453
6670
3655
42486
494290
1540
250948
121278
8663
97020
261021
487443
36585
28680
421873
217631
118237
107416
12237
10878
741
209817
182106
4950
43071
39060
62481
389745
50086
290898
56953
87990
344035
332767
101475
216780
135981
156753
13366
228826
65703
79359
255970
17955
204480
2926
136027
189507
27730
410406
155961
13203
151055
54946
61442
428290
271680
57012
77815
254320
175528
9316
45901
57291
221445
185176
39387
11781
212361
384176
79003
31375
15400
445428
442413
88410
324635
23653
189426
2145
395115
130004
241982
173373
15051
62508
36315
130393
300700
414863
16836
123256
382155
406620
106491
473029
7626
167331
182745
177310
59340
107264
226361
92235
291466
83845
411355
288745
21115
51360
447124
14028
67896
310333
155403
95956
40247
55278
170820
262450
190
24419
16836
120786
52975
230181
207155
229512
2415
19503
343307
91378
243338
239060
83845
129237
28442
98476
126253
8273
210726
18721
378203
108543
255255
201457
473020
405924
15931
296903
66795
174936
27361
16290
14535
946
16482
429640
224927
212101
23005
306859
275785
111327
94830
258336
376280
440448
33411
188821
105570
2080
325999
119859
66401
172191
347112
53917
431492
94395
293792
328666
351541
482649
62481
30135
184986
209843
143289
35245
29890
136
18044
330242
137550
113050
396268
365940
243951
304792
434233
58311
404924
117370
121189
29359
157641
353563
308761
146611
312849
22366
167910
471210
2775
192633
341547
312653
166950
87990
12880
422581
64644
466906
114481
69006
19278
261114
210
1653
13530
257403
102831
455676
371625
106491
409365
9453
19207
75466
29161
28
29403
31375
285452
191737
44253
229786
165835
167331
36
3403
230183
284635
307939
4465
15051
432400
14029
18528
425677
212878
10585
166813
198765
382458
110685
10878
4278
450867
201627
28203
118635
13366
17020
16373
2145
132093
165698
383799
187578
99168
476286
280126
55945
23220
36
401649
137026
328624
26840
249091
52003
62128
21945
38503
18145
222291
100716
189420
32385
61075
371521
3486
19594
283881
43971
253
446326
50632
71253
370230
2850
425790
207690
11935
279445
429449
101926
461203
365704
256829
157465
112300
151722
16653
243019
207224
15051
478585
113621
30876
226128
67573
488619
13861
216588
21528
448705
14711
79003
231
140715
6105
470935
179415
196878
14365
427575
7140
20100
118228
88831
37128
85876
51040
55010
75466
17578
65341
2850
11781
36315
391927
48828
229774
283162
0
147158
780
63256
209184
4465
487804
121611
125770
100576
281695
3655
137935
465313
377649
215809
174447
3321
85078
468453
23413
289054
141778
303926
33930
435133
67161
260281
232221
104196
2628
156138
182106
409548
70876
392941
3321
317583
128094
57541
1770
274364
113050
4851
55886
80601
456779
10153
115896
50086
23121
91
104196
990
253
131094
190
257406
211353
56616
14535
46360
478690
5671
219453
213531
565
477687
31881
88831
258105
2080
213531
296364
21
176822
53351
52650
231540
173755
37128
24753
17020
457446
261078
34580
118725
595
437736
493724
464166
3
326268
223435
225670
498954
178444
352380
69751
435
321279
120786
180819
19701
297286
45753
260437
89253
186470
263509
328611
136
77815
