4
3
12
8
24
6
15
12
40
24
60
5
9
16
35
84
48
8
20
36
112
12
30
63
144
24
80
180
15
21
48
99
20
28
72
220
120
264
7
10
18
32
45
70
143
60
312
168
36
120
364
21
45
96
195
420
16
40
72
224
480
24
60
126
255
44
56
180
544
288
12
84
120
612
15
27
48
77
105
160
323
684
360
52
80
252
760
9
30
42
75
96
198
399
840
40
56
144
440
924
33
117
240
483
24
28
60
108
200
336
528
14
20
36
55
64
90
140
189
286
575
168
120
624
68
140
432
39
165
336
675
72
240
728
48
132
300
33
42
90
105
192
390
783
76
176
540
840
11
25
32
45
63
80
91
144
175
221
297
448
899
960
16
60
84
216
280
660
48
120
252
510
72
156
420
88
112
360
51
285
576
92
260
792
24
168
240
21
30
54
65
96
135
154
210
320
429
646
40
100
180
308
560
936
57
357
720
36
264
420
104
160
504
18
39
60
84
150
192
315
396
798
108
360
13
35
63
80
112
135
187
245
288
437
585
880
132
204
720
116
416
66
105
165
234
480
966
48
56
120
216
400
672
60
312
588
69
525
124
476
168
228
900
28
40
72
110
128
180
247
280
378
572
765
336
20
132
168
440
540
75
105
240
495
621
136
280
864
78
153
195
330
672
36
56
88
100
140
208
252
360
608
784
45
81
144
231
315
480
725
969
96
264
600
148
680
15
66
84
180
210
384
441
780
152
352
252
276
87
837
44
156
240
520
756
120
408
22
27
35
50
64
90
119
126
160
182
209
225
288
350
391
442
594
715
896
660
164
836
93
957
300
32
120
168
432
560
96
240
504
172
920
144
312
840
55
85
99
176
224
351
385
475
720
156
456
72
84
180
324
352
600
102
255
273
570
184
520
48
51
105
147
171
225
336
480
693
975
188
24
780
924
17
42
60
108
130
165
192
270
308
420
567
640
858
348
408
140
196
504
111
80
200
360
616
114
285
345
714
104
204
420
680
72
528
840
372
468
65
117
133
208
320
455
495
667
212
36
78
120
168
231
300
384
630
792
240
552
216
720
123
52
88
144
220
280
396
532
900
26
49
70
95
99
126
160
224
270
315
374
425
490
576
775
874
264
408
140
228
528
760
129
232
832
60
288
420
600
57
132
210
330
468
693
960
236
19
33
75
96
112
135
189
240
273
299
385
432
525
663
800
891
120
624
244
138
345
513
444
672
248
952
84
141
48
180
252
340
648
840
336
456
56
80
144
220
256
360
494
560
756
28
104
216
260
400
468
748
147
315
672
40
264
336
880
45
150
210
375
480
609
268
396
696
85
153
253
272
560
595
855
492
828
224
276
780
920
105
156
306
390
660
819
120
72
112
176
200
280
416
504
720
159
284
516
912
63
90
162
195
288
405
462
630
713
960
456
744
292
21
165
192
231
459
528
585
60
296
30
132
168
207
360
420
768
882
120
140
272
300
540
924
95
171
304
325
665
704
504
552
108
160
220
308
392
520
792
174
435
825
88
312
480
564
177
316
240
816
44
54
70
100
117
128
161
180
238
252
275
320
364
418
450
551
576
700
782
884
945
324
183
84
588
840
328
96
186
465
945
332
600
39
64
105
115
189
240
275
336
405
539
561
735
864
204
32
136
340
396
612
700
192
480
344
660
888
69
195
273
288
624
651
825
348
380
23
77
110
170
198
315
352
448
495
702
770
950
636
312
912
356
201
144
168
360
648
704
204
225
510
546
136
180
260
364
560
736
936
240
252
660
115
207
368
493
805
372
440
63
96
102
165
210
294
342
351
450
525
672
759
376
213
68
152
380
504
684
880
48
816
34
84
120
175
216
260
330
384
540
616
741
840
696
816
388
219
280
392
708
222
555
60
304
396
504
180
55
125
160
225
315
400
455
589
720
875
900
404
228
297
570
690
732
208
408
840
75
144
231
435
495
819
412
744
936
25
91
130
234
266
416
459
585
640
910
80
108
168
196
264
300
420
572
624
756
237
424
360
72
156
240
336
462
600
768
428
480
36
135
243
432
693
945
228
360
780
436
246
615
104
176
288
440
560
792
249
444
644
804
45
52
98
140
190
198
252
320
377
385
448
527
540
630
748
850
452
189
255
357
528
816
420
280
456
258
645
152
184
460
756
828
145
261
464
805
120
576
840
132
280
468
720
114
135
264
420
660
472
852
267
76
340
360
476
38
66
81
105
150
192
224
270
319
325
357
378
480
546
598
627
675
770
864
484
616
27
240
273
585
627
