0
 1
101
 1
  2
 212
21012
 212
  2
   3
  323
 32123
3210123
 32123
  323
   3
    4
   434
  43234
 4321234
432101234
 4321234
  43234
   434
    4
     5
    545
   54345
  5432345
 543212345
54321012345
 543212345
  5432345
   54345
    545
     5
      6
     656
    65456
   6543456
  654323456
 65432123456
6543210123456
 65432123456
  654323456
   6543456
    65456
     656
      6
       7
      767
     76567
    7654567
   765434567
  76543234567
 7654321234567
765432101234567
 7654321234567
  76543234567
   765434567
    7654567
     76567
      767
       7
        8
       878
      87678
     8765678
    876545678
   87654345678
  8765432345678
 876543212345678
87654321012345678
 876543212345678
  8765432345678
   87654345678
    876545678
     8765678
      87678
       878
        8
         9
        989
       98789
      9876789
     987656789
    98765456789
   9876543456789
  987654323456789
 98765432123456789
9876543210123456789
 98765432123456789
  987654323456789
   9876543456789
    98765456789
     987656789
      9876789
       98789
        989
         9
